<?xml version="1.0"?>
<testsuite name="Chrome Headless 136.0.0.0 (Windows 10)" package="" timestamp="2025-05-12T10:07:06" id="0" hostname="AGEN0rpLNBHYElB" tests="3" errors="0" failures="0" time="0.082">
  <properties>
    <property name="browser.fullName" value="Mozilla/5.0 (Windows NT 10.0; Win64; x64) AppleWebKit/537.36 (KHTML, like Gecko) HeadlessChrome/136.0.0.0 Safari/537.36"/>
  </properties>
  <testcase name="AppComponent should create the app" time="0.072" classname="Chrome_Headless_136_0_0_0_(Windows_10).AppComponent"/>
  <testcase name="AppComponent should have the 'angular-test' title" time="0.004" classname="Chrome_Headless_136_0_0_0_(Windows_10).AppComponent"/>
  <testcase name="AppComponent should render title" time="0.006" classname="Chrome_Headless_136_0_0_0_(Windows_10).AppComponent"/>
  <system-out>
    <![CDATA[
]]>
  </system-out>
  <system-err/>
</testsuite>